Note: in order to honour the org.gradle.jvmargs and/or org.gradle.java.home values specified for this build, it is necessary to fork a new JVM.
To avoid the slowdown associated with this extra process, you might want to consider running Gradle with the daemon enabled.
Please see the user guide chapter on the daemon at http://gradle.org/docs/1.4/userguide/gradle_daemon.html.
Exception in thread "DisconnectableInputStream source reader" org.gradle.internal.UncheckedException: java.io.IOException: Bad file descriptor
	at org.gradle.internal.UncheckedException.throwAsUncheckedException(UncheckedException.java:39)
	at org.gradle.util.DisconnectableInputStream$1.run(DisconnectableInputStream.java:125)
	at java.lang.Thread.run(Thread.java:745)
Caused by: java.io.IOException: Bad file descriptor
	at java.io.FileInputStream.readBytes(Native Method)
	at java.io.FileInputStream.read(FileInputStream.java:272)
	at java.io.BufferedInputStream.fill(BufferedInputStream.java:235)
	at java.io.BufferedInputStream.read1(BufferedInputStream.java:275)
	at java.io.BufferedInputStream.read(BufferedInputStream.java:334)
	at org.gradle.util.DisconnectableInputStream$1.run(DisconnectableInputStream.java:96)
	... 1 more
:inventory-management-config:compileJava UP-TO-DATE
:inventory-management-config:processResources UP-TO-DATE
:inventory-management-config:classes UP-TO-DATE
:inventory-management-config:jar UP-TO-DATE
:inventory-management-core:compileJava UP-TO-DATE
:inventory-management-core:processResources UP-TO-DATE
:inventory-management-core:classes UP-TO-DATE
:inventory-management-core:jar UP-TO-DATE
:inventory-management-data:compileJava UP-TO-DATE
:inventory-management-data:processResources UP-TO-DATE
:inventory-management-data:classes UP-TO-DATE
:inventory-management-data:jar UP-TO-DATE
:inventory-management-service:compileJava UP-TO-DATE
:inventory-management-service:processResources UP-TO-DATE
:inventory-management-service:classes UP-TO-DATE
:inventory-management-service:jar UP-TO-DATE
:compileJava UP-TO-DATE
:processResources UP-TO-DATE
:classes UP-TO-DATE
:run
INFO  [2016-05-10 04:14:17,776] org.eclipse.jetty.util.log: Logging initialized @1708ms
INFO  [2016-05-10 04:14:17,869] com.hubspot.dropwizard.guice.AutoConfig: Added resource class: class com.rit.enterprise.service.InventoryManagementResource
INFO  [2016-05-10 04:14:17,875] io.dropwizard.server.ServerFactory: Starting InventoryManagementService
INFO  [2016-05-10 04:14:17,946] org.eclipse.jetty.setuid.SetUIDListener: Opened application@9b5fb1{HTTP/1.1}{0.0.0.0:8008}
INFO  [2016-05-10 04:14:17,947] org.eclipse.jetty.setuid.SetUIDListener: Opened admin@3ec989{HTTP/1.1}{0.0.0.0:8055}
INFO  [2016-05-10 04:14:17,950] org.eclipse.jetty.server.Server: jetty-9.2.9.v20150224
INFO  [2016-05-10 04:14:18,389] io.dropwizard.jersey.DropwizardResourceConfig: The following paths were found for the configured resources:

    GET     /inventory/logging (com.rit.enterprise.service.InventoryManagementResource)
    GET     /inventory/product-cost/{id} (com.rit.enterprise.service.InventoryManagementResource)
    GET     /inventory/product-price/{id} (com.rit.enterprise.service.InventoryManagementResource)
    GET     /inventory/product-stock/{id} (com.rit.enterprise.service.InventoryManagementResource)
    GET     /inventory/products (com.rit.enterprise.service.InventoryManagementResource)
    POST    /inventory/product-stock/decrease/{id}/{amount} (com.rit.enterprise.service.InventoryManagementResource)
    POST    /inventory/product-stock/increase/{id}/{amount} (com.rit.enterprise.service.InventoryManagementResource)

INFO  [2016-05-10 04:14:18,404] org.eclipse.jetty.server.handler.ContextHandler: Started i.d.j.MutableServletContextHandler@1ed09e8{/,null,AVAILABLE}
INFO  [2016-05-10 04:14:18,409] io.dropwizard.setup.AdminEnvironment: tasks = 

    POST    /tasks/log-level (io.dropwizard.servlets.tasks.LogConfigurationTask)
    POST    /tasks/gc (io.dropwizard.servlets.tasks.GarbageCollectionTask)

WARN  [2016-05-10 04:14:18,413] io.dropwizard.setup.AdminEnvironment: 
!!!!!!!!!!!!!!!!!!!!!!!!!!!!!!!!!!!!!!!!!!!!!!!!!!!!!!!!!!!!!!!!!!!!!!!!!!!!!!!!
!!!!!!!!!!!!!!!!!!!!!!!!!!!!!!!!!!!!!!!!!!!!!!!!!!!!!!!!!!!!!!!!!!!!!!!!!!!!!!!!
!    THIS APPLICATION HAS NO HEALTHCHECKS. THIS MEANS YOU WILL NEVER KNOW      !
!     IF IT DIES IN PRODUCTION, WHICH MEANS YOU WILL NEVER KNOW IF YOU'RE      !
!    LETTING YOUR USERS DOWN. YOU SHOULD ADD A HEALTHCHECK FOR EACH OF YOUR    !
!         APPLICATION'S DEPENDENCIES WHICH FULLY (BUT LIGHTLY) TESTS IT.       !
!!!!!!!!!!!!!!!!!!!!!!!!!!!!!!!!!!!!!!!!!!!!!!!!!!!!!!!!!!!!!!!!!!!!!!!!!!!!!!!!
!!!!!!!!!!!!!!!!!!!!!!!!!!!!!!!!!!!!!!!!!!!!!!!!!!!!!!!!!!!!!!!!!!!!!!!!!!!!!!!!
INFO  [2016-05-10 04:14:18,421] org.eclipse.jetty.server.handler.ContextHandler: Started i.d.j.MutableServletContextHandler@15e8c7{/,null,AVAILABLE}
INFO  [2016-05-10 04:14:18,430] org.eclipse.jetty.server.ServerConnector: Started application@9b5fb1{HTTP/1.1}{0.0.0.0:8008}
INFO  [2016-05-10 04:14:18,431] org.eclipse.jetty.server.ServerConnector: Started admin@3ec989{HTTP/1.1}{0.0.0.0:8055}
INFO  [2016-05-10 04:14:18,433] org.eclipse.jetty.server.Server: Started @2365ms
129.21.106.111 - - [10/May/2016:04:14:24 +0000] "GET /inventory/logging HTTP/1.1" 200 - "-" "Mozilla/5.0 (Windows NT 10.0; WOW64) AppleWebKit/537.36 (KHTML, like Gecko) Chrome/50.0.2661.94 Safari/537.36" 604
129.21.106.111 - - [10/May/2016:04:15:45 +0000] "GET /inventory/logging HTTP/1.1" 200 - "-" "Mozilla/5.0 (Windows NT 10.0; WOW64) AppleWebKit/537.36 (KHTML, like Gecko) Chrome/50.0.2661.94 Safari/537.36" 45
129.21.106.111 - - [10/May/2016:04:18:29 +0000] "GET /inventory/products HTTP/1.1" 200 77 "-" "Mozilla/5.0 (Windows NT 10.0; WOW64) AppleWebKit/537.36 (KHTML, like Gecko) Chrome/50.0.2661.94 Safari/537.36" 589
129.21.74.163 - - [10/May/2016:04:20:14 +0000] "GET / HTTP/1.1" 404 284 "http://vm343a.se.rit.edu/" "Mozilla/5.0 (Linux; Android 5.0.2; HTCONE Build/LRX22G) AppleWebKit/537.36 (KHTML, like Gecko) Chrome/47.0.2526.83 Mobile Safari/537.36" 4
129.21.74.163 - - [10/May/2016:04:20:14 +0000] "GET /favicon.ico HTTP/1.1" 404 295 "http://vm343a.se.rit.edu:8008/" "Mozilla/5.0 (Linux; Android 5.0.2; HTCONE Build/LRX22G) AppleWebKit/537.36 (KHTML, like Gecko) Chrome/47.0.2526.83 Mobile Safari/537.36" 2
129.21.101.32 - - [10/May/2016:04:21:44 +0000] "GET / HTTP/1.1" 404 284 "http://vm343a.se.rit.edu/" "Mozilla/5.0 (X11; Linux x86_64) AppleWebKit/537.36 (KHTML, like Gecko) Chrome/50.0.2661.94 Safari/537.36" 3
129.21.101.32 - - [10/May/2016:04:21:44 +0000] "GET /favicon.ico HTTP/1.1" 404 295 "http://vm343a.se.rit.edu:8008/" "Mozilla/5.0 (X11; Linux x86_64) AppleWebKit/537.36 (KHTML, like Gecko) Chrome/50.0.2661.94 Safari/537.36" 2
129.21.101.32 - - [10/May/2016:04:22:01 +0000] "GET / HTTP/1.1" 404 284 "http://vm343a.se.rit.edu/" "Mozilla/5.0 (X11; Linux x86_64) AppleWebKit/537.36 (KHTML, like Gecko) Chrome/50.0.2661.94 Safari/537.36" 1
129.21.101.32 - - [10/May/2016:04:22:09 +0000] "GET / HTTP/1.1" 404 284 "http://vm343a.se.rit.edu/" "Mozilla/5.0 (X11; Linux x86_64) AppleWebKit/537.36 (KHTML, like Gecko) Chrome/50.0.2661.94 Safari/537.36" 1
129.21.106.111 - - [10/May/2016:04:25:02 +0000] "GET /inventory/products HTTP/1.1" 200 77 "-" "Mozilla/5.0 (Windows NT 10.0; WOW64) AppleWebKit/537.36 (KHTML, like Gecko) Chrome/50.0.2661.94 Safari/537.36" 577
129.21.106.111 - - [10/May/2016:04:25:04 +0000] "GET /inventory/products HTTP/1.1" 200 77 "-" "Mozilla/5.0 (Windows NT 10.0; WOW64) AppleWebKit/537.36 (KHTML, like Gecko) Chrome/50.0.2661.94 Safari/537.36" 39
129.21.148.48 - - [10/May/2016:04:34:51 +0000] "GET / HTTP/1.1" 404 284 "http://vm343a.se.rit.edu/" "Mozilla/5.0 (Windows NT 10.0; Win64; x64) AppleWebKit/537.36 (KHTML, like Gecko) Chrome/51.0.2704.36 Safari/537.36" 6
129.21.148.48 - - [10/May/2016:04:34:52 +0000] "GET /favicon.ico HTTP/1.1" 404 295 "http://vm343a.se.rit.edu:8008/" "Mozilla/5.0 (Windows NT 10.0; Win64; x64) AppleWebKit/537.36 (KHTML, like Gecko) Chrome/51.0.2704.36 Safari/537.36" 3
104.153.28.188 - - [10/May/2016:04:43:38 +0000] "GET / HTTP/1.1" 404 284 "http://vm343a.se.rit.edu/" "Mozilla/5.0 (Windows NT 6.1; WOW64) AppleWebKit/537.36 (KHTML, like Gecko) Chrome/50.0.2661.94 Safari/537.36" 4
104.153.28.188 - - [10/May/2016:04:43:38 +0000] "GET /favicon.ico HTTP/1.1" 404 295 "http://vm343a.se.rit.edu:8008/" "Mozilla/5.0 (Windows NT 6.1; WOW64) AppleWebKit/537.36 (KHTML, like Gecko) Chrome/50.0.2661.94 Safari/537.36" 3
104.153.28.188 - - [10/May/2016:04:44:41 +0000] "GET / HTTP/1.1" 404 284 "http://vm343a.se.rit.edu/" "Mozilla/5.0 (Windows NT 6.1; WOW64) AppleWebKit/537.36 (KHTML, like Gecko) Chrome/50.0.2661.94 Safari/537.36" 2
52.90.33.223 - - [10/May/2016:04:45:12 +0000] "GET /inventory/products HTTP/1.1" 200 77 "-" "Slackbot-LinkExpanding 1.0 (+https://api.slack.com/robots)" 45
104.153.28.188 - - [10/May/2016:04:45:21 +0000] "GET / HTTP/1.1" 404 284 "http://vm343a.se.rit.edu/" "Mozilla/5.0 (Windows NT 6.1; WOW64) AppleWebKit/537.36 (KHTML, like Gecko) Chrome/50.0.2661.94 Safari/537.36" 2
104.153.28.188 - - [10/May/2016:04:45:28 +0000] "GET /inventory/products HTTP/1.1" 200 77 "-" "Mozilla/5.0 (Windows NT 6.1; WOW64) AppleWebKit/537.36 (KHTML, like Gecko) Chrome/50.0.2661.94 Safari/537.36" 43
129.21.106.111 - - [10/May/2016:04:45:29 +0000] "GET /inventory HTTP/1.1" 404 293 "-" "Mozilla/5.0 (Windows NT 10.0; WOW64) AppleWebKit/537.36 (KHTML, like Gecko) Chrome/50.0.2661.94 Safari/537.36" 3
104.153.28.188 - - [10/May/2016:04:49:16 +0000] "GET /inventory/logging/all HTTP/1.1" 404 305 "-" "Mozilla/5.0 (Windows NT 6.1; WOW64) AppleWebKit/537.36 (KHTML, like Gecko) Chrome/50.0.2661.94 Safari/537.36" 1
129.21.106.111 - - [10/May/2016:04:52:08 +0000] "GET /inventory/products HTTP/1.1" 200 151 "-" "Mozilla/5.0 (Windows NT 10.0; WOW64) AppleWebKit/537.36 (KHTML, like Gecko) Chrome/50.0.2661.94 Safari/537.36" 490
104.153.28.188 - - [10/May/2016:04:57:37 +0000] "GET /inventory/logging HTTP/1.1" 200 - "-" "Mozilla/5.0 (Windows NT 6.1; WOW64) AppleWebKit/537.36 (KHTML, like Gecko) Chrome/50.0.2661.94 Safari/537.36" 158
129.21.84.46 - - [10/May/2016:04:57:44 +0000] "GET / HTTP/1.1" 404 284 "http://vm343a.se.rit.edu/" "Mozilla/5.0 (X11; Fedora; Linux x86_64; rv:46.0) Gecko/20100101 Firefox/46.0" 2
129.21.84.46 - - [10/May/2016:04:57:45 +0000] "GET /favicon.ico HTTP/1.1" 404 295 "-" "Mozilla/5.0 (X11; Fedora; Linux x86_64; rv:46.0) Gecko/20100101 Firefox/46.0" 6
129.21.84.46 - - [10/May/2016:04:57:45 +0000] "GET /favicon.ico HTTP/1.1" 404 295 "-" "Mozilla/5.0 (X11; Fedora; Linux x86_64; rv:46.0) Gecko/20100101 Firefox/46.0" 1
66.67.41.149 - - [10/May/2016:05:06:11 +0000] "GET / HTTP/1.1" 404 284 "http://vm343a.se.rit.edu/" "Mozilla/5.0 (Windows NT 10.0; WOW64) AppleWebKit/537.36 (KHTML, like Gecko) Chrome/50.0.2661.94 Safari/537.36" 3
66.67.41.149 - - [10/May/2016:05:06:11 +0000] "GET /favicon.ico HTTP/1.1" 404 295 "http://vm343a.se.rit.edu:8008/" "Mozilla/5.0 (Windows NT 10.0; WOW64) AppleWebKit/537.36 (KHTML, like Gecko) Chrome/50.0.2661.94 Safari/537.36" 1
129.21.106.111 - - [10/May/2016:05:08:18 +0000] "GET /inventory/product/8 HTTP/1.1" 404 303 "-" "Mozilla/5.0 (Windows NT 10.0; WOW64) AppleWebKit/537.36 (KHTML, like Gecko) Chrome/50.0.2661.94 Safari/537.36" 2
INFO  [2016-05-10 05:15:49,862] org.eclipse.jetty.server.ServerConnector: Stopped application@9b5fb1{HTTP/1.1}{0.0.0.0:8008}
INFO  [2016-05-10 05:15:49,866] org.eclipse.jetty.server.ServerConnector: Stopped admin@3ec989{HTTP/1.1}{0.0.0.0:8055}
INFO  [2016-05-10 05:15:49,883] org.eclipse.jetty.server.handler.ContextHandler: Stopped i.d.j.MutableServletContextHandler@15e8c7{/,null,UNAVAILABLE}
INFO  [2016-05-10 05:15:49,886] org.eclipse.jetty.server.handler.ContextHandler: Stopped i.d.j.MutableServletContextHandler@1ed09e8{/,null,UNAVAILABLE}
:run FAILED

FAILURE: Build failed with an exception.

* What went wrong:
Execution failed for task ':run'.
> Process 'command '/usr/lib/jvm/java-8-oracle/bin/java'' finished with non-zero exit value 143

* Try:
Run with --stacktrace option to get the stack trace. Run with --info or --debug option to get more log output.

BUILD FAILED

Total time: 1 hrs 1 mins 40.866 secs
Note: in order to honour the org.gradle.jvmargs and/or org.gradle.java.home values specified for this build, it is necessary to fork a new JVM.
To avoid the slowdown associated with this extra process, you might want to consider running Gradle with the daemon enabled.
Please see the user guide chapter on the daemon at http://gradle.org/docs/1.4/userguide/gradle_daemon.html.
Exception in thread "DisconnectableInputStream source reader" org.gradle.internal.UncheckedException: java.io.IOException: Bad file descriptor
	at org.gradle.internal.UncheckedException.throwAsUncheckedException(UncheckedException.java:39)
	at org.gradle.util.DisconnectableInputStream$1.run(DisconnectableInputStream.java:125)
	at java.lang.Thread.run(Thread.java:745)
Caused by: java.io.IOException: Bad file descriptor
	at java.io.FileInputStream.readBytes(Native Method)
	at java.io.FileInputStream.read(FileInputStream.java:272)
	at java.io.BufferedInputStream.fill(BufferedInputStream.java:235)
	at java.io.BufferedInputStream.read1(BufferedInputStream.java:275)
	at java.io.BufferedInputStream.read(BufferedInputStream.java:334)
	at org.gradle.util.DisconnectableInputStream$1.run(DisconnectableInputStream.java:96)
	... 1 more
:inventory-management-config:compileJava UP-TO-DATE
:inventory-management-config:processResources UP-TO-DATE
:inventory-management-config:classes UP-TO-DATE
:inventory-management-config:jar UP-TO-DATE
:inventory-management-core:compileJava UP-TO-DATE
:inventory-management-core:processResources UP-TO-DATE
:inventory-management-core:classes UP-TO-DATE
:inventory-management-core:jar UP-TO-DATE
:inventory-management-data:compileJava UP-TO-DATE
:inventory-management-data:processResources UP-TO-DATE
:inventory-management-data:classes UP-TO-DATE
:inventory-management-data:jar UP-TO-DATE
:inventory-management-service:compileJava UP-TO-DATE
:inventory-management-service:processResources UP-TO-DATE
:inventory-management-service:classes UP-TO-DATE
:inventory-management-service:jar UP-TO-DATE
:compileJava UP-TO-DATE
:processResources UP-TO-DATE
:classes UP-TO-DATE
:run
INFO  [2016-05-10 05:16:35,861] org.eclipse.jetty.util.log: Logging initialized @4592ms
INFO  [2016-05-10 05:16:36,042] com.hubspot.dropwizard.guice.AutoConfig: Added resource class: class com.rit.enterprise.service.InventoryManagementResource
INFO  [2016-05-10 05:16:36,069] io.dropwizard.server.ServerFactory: Starting InventoryManagementService
INFO  [2016-05-10 05:16:36,139] org.eclipse.jetty.setuid.SetUIDListener: Opened application@9b5fb1{HTTP/1.1}{0.0.0.0:8008}
INFO  [2016-05-10 05:16:36,140] org.eclipse.jetty.setuid.SetUIDListener: Opened admin@3ec989{HTTP/1.1}{0.0.0.0:8055}
INFO  [2016-05-10 05:16:36,145] org.eclipse.jetty.server.Server: jetty-9.2.9.v20150224
INFO  [2016-05-10 05:16:36,664] io.dropwizard.jersey.DropwizardResourceConfig: The following paths were found for the configured resources:

    GET     /inventory/logging (com.rit.enterprise.service.InventoryManagementResource)
    GET     /inventory/product-cost/{id} (com.rit.enterprise.service.InventoryManagementResource)
    GET     /inventory/product-price/{id} (com.rit.enterprise.service.InventoryManagementResource)
    GET     /inventory/product-stock/{id} (com.rit.enterprise.service.InventoryManagementResource)
    GET     /inventory/products (com.rit.enterprise.service.InventoryManagementResource)
    POST    /inventory/product-stock/decrease/{id}/{amount} (com.rit.enterprise.service.InventoryManagementResource)
    POST    /inventory/product-stock/increase/{id}/{amount} (com.rit.enterprise.service.InventoryManagementResource)

INFO  [2016-05-10 05:16:36,680] org.eclipse.jetty.server.handler.ContextHandler: Started i.d.j.MutableServletContextHandler@1ed09e8{/,null,AVAILABLE}
INFO  [2016-05-10 05:16:36,686] io.dropwizard.setup.AdminEnvironment: tasks = 

    POST    /tasks/log-level (io.dropwizard.servlets.tasks.LogConfigurationTask)
    POST    /tasks/gc (io.dropwizard.servlets.tasks.GarbageCollectionTask)

WARN  [2016-05-10 05:16:36,694] io.dropwizard.setup.AdminEnvironment: 
!!!!!!!!!!!!!!!!!!!!!!!!!!!!!!!!!!!!!!!!!!!!!!!!!!!!!!!!!!!!!!!!!!!!!!!!!!!!!!!!
!!!!!!!!!!!!!!!!!!!!!!!!!!!!!!!!!!!!!!!!!!!!!!!!!!!!!!!!!!!!!!!!!!!!!!!!!!!!!!!!
!    THIS APPLICATION HAS NO HEALTHCHECKS. THIS MEANS YOU WILL NEVER KNOW      !
!     IF IT DIES IN PRODUCTION, WHICH MEANS YOU WILL NEVER KNOW IF YOU'RE      !
!    LETTING YOUR USERS DOWN. YOU SHOULD ADD A HEALTHCHECK FOR EACH OF YOUR    !
!         APPLICATION'S DEPENDENCIES WHICH FULLY (BUT LIGHTLY) TESTS IT.       !
!!!!!!!!!!!!!!!!!!!!!!!!!!!!!!!!!!!!!!!!!!!!!!!!!!!!!!!!!!!!!!!!!!!!!!!!!!!!!!!!
!!!!!!!!!!!!!!!!!!!!!!!!!!!!!!!!!!!!!!!!!!!!!!!!!!!!!!!!!!!!!!!!!!!!!!!!!!!!!!!!
INFO  [2016-05-10 05:16:36,706] org.eclipse.jetty.server.handler.ContextHandler: Started i.d.j.MutableServletContextHandler@15e8c7{/,null,AVAILABLE}
INFO  [2016-05-10 05:16:36,714] org.eclipse.jetty.server.ServerConnector: Started application@9b5fb1{HTTP/1.1}{0.0.0.0:8008}
INFO  [2016-05-10 05:16:36,715] org.eclipse.jetty.server.ServerConnector: Started admin@3ec989{HTTP/1.1}{0.0.0.0:8055}
INFO  [2016-05-10 05:16:36,717] org.eclipse.jetty.server.Server: Started @5448ms
129.21.106.111 - - [10/May/2016:05:16:39 +0000] "GET /inventory/products HTTP/1.1" 200 - "-" "Mozilla/5.0 (Windows NT 10.0; WOW64) AppleWebKit/537.36 (KHTML, like Gecko) Chrome/50.0.2661.94 Safari/537.36" 1127
129.21.106.111 - - [10/May/2016:05:16:46 +0000] "GET /inventory/product/8 HTTP/1.1" 404 303 "-" "Mozilla/5.0 (Windows NT 10.0; WOW64) AppleWebKit/537.36 (KHTML, like Gecko) Chrome/50.0.2661.94 Safari/537.36" 4
129.21.106.111 - - [10/May/2016:05:16:53 +0000] "GET /inventory/product/ HTTP/1.1" 404 302 "-" "Mozilla/5.0 (Windows NT 10.0; WOW64) AppleWebKit/537.36 (KHTML, like Gecko) Chrome/50.0.2661.94 Safari/537.36" 7
129.21.106.111 - - [10/May/2016:05:16:55 +0000] "GET /inventory/products HTTP/1.1" 200 - "-" "Mozilla/5.0 (Windows NT 10.0; WOW64) AppleWebKit/537.36 (KHTML, like Gecko) Chrome/50.0.2661.94 Safari/537.36" 75
129.21.106.111 - - [10/May/2016:05:16:55 +0000] "GET /inventory/products HTTP/1.1" 200 - "-" "Mozilla/5.0 (Windows NT 10.0; WOW64) AppleWebKit/537.36 (KHTML, like Gecko) Chrome/50.0.2661.94 Safari/537.36" 72
129.21.106.111 - - [10/May/2016:05:17:36 +0000] "GET /inventory/products HTTP/1.1" 200 - "-" "Mozilla/5.0 (Windows NT 10.0; WOW64) AppleWebKit/537.36 (KHTML, like Gecko) Chrome/50.0.2661.94 Safari/537.36" 52
129.21.106.111 - - [10/May/2016:05:17:40 +0000] "GET /inventory/product-stock/8 HTTP/1.1" 200 2 "-" "Mozilla/5.0 (Windows NT 10.0; WOW64) AppleWebKit/537.36 (KHTML, like Gecko) Chrome/50.0.2661.94 Safari/537.36" 181
129.21.106.111 - - [10/May/2016:05:18:33 +0000] "GET /inventory/product-stock/8 HTTP/1.1" 200 2 "-" "Mozilla/5.0 (Windows NT 10.0; WOW64) AppleWebKit/537.36 (KHTML, like Gecko) Chrome/50.0.2661.94 Safari/537.36" 40
129.21.106.111 - - [10/May/2016:05:18:36 +0000] "GET /inventory/product-stock/9 HTTP/1.1" 200 2 "-" "Mozilla/5.0 (Windows NT 10.0; WOW64) AppleWebKit/537.36 (KHTML, like Gecko) Chrome/50.0.2661.94 Safari/537.36" 37
129.21.106.111 - - [10/May/2016:05:18:43 +0000] "GET /inventory/product-stock/10 HTTP/1.1" 200 2 "-" "Mozilla/5.0 (Windows NT 10.0; WOW64) AppleWebKit/537.36 (KHTML, like Gecko) Chrome/50.0.2661.94 Safari/537.36" 43
129.21.106.111 - - [10/May/2016:05:18:50 +0000] "GET /inventory/products HTTP/1.1" 200 - "-" "Mozilla/5.0 (Windows NT 10.0; WOW64) AppleWebKit/537.36 (KHTML, like Gecko) Chrome/50.0.2661.94 Safari/537.36" 39
129.21.106.111 - - [10/May/2016:05:20:43 +0000] "GET /inventory/products HTTP/1.1" 200 - "-" "Mozilla/5.0 (Windows NT 10.0; WOW64) AppleWebKit/537.36 (KHTML, like Gecko) Chrome/50.0.2661.94 Safari/537.36" 50
104.153.28.188 - - [10/May/2016:05:24:35 +0000] "GET /inventory/products HTTP/1.1" 200 - "http://localhost:8080/projects/inventory-management/index.html" "Mozilla/5.0 (Windows NT 6.1; WOW64) AppleWebKit/537.36 (KHTML, like Gecko) Chrome/50.0.2661.94 Safari/537.36" 42
ERROR [2016-05-10 05:25:53,443] org.apache.tomcat.jdbc.pool.ConnectionPool: Unable to create initial connections of pool.
! org.postgresql.util.PSQLException: FATAL: remaining connection slots are reserved for non-replication superuser connections
! at org.postgresql.core.v3.ConnectionFactoryImpl.readStartupMessages(ConnectionFactoryImpl.java:712) ~[postgresql-9.4.1208.jar:9.4.1208]
! at org.postgresql.core.v3.ConnectionFactoryImpl.openConnectionImpl(ConnectionFactoryImpl.java:213) ~[postgresql-9.4.1208.jar:9.4.1208]
! at org.postgresql.core.ConnectionFactory.openConnection(ConnectionFactory.java:67) ~[postgresql-9.4.1208.jar:9.4.1208]
! at org.postgresql.jdbc.PgConnection.<init>(PgConnection.java:216) ~[postgresql-9.4.1208.jar:9.4.1208]
! at org.postgresql.Driver.makeConnection(Driver.java:406) ~[postgresql-9.4.1208.jar:9.4.1208]
! at org.postgresql.Driver.connect(Driver.java:274) ~[postgresql-9.4.1208.jar:9.4.1208]
! at org.apache.tomcat.jdbc.pool.PooledConnection.connectUsingDriver(PooledConnection.java:307) ~[tomcat-jdbc-8.0.18.jar:na]
! at org.apache.tomcat.jdbc.pool.PooledConnection.connect(PooledConnection.java:200) ~[tomcat-jdbc-8.0.18.jar:na]
! at org.apache.tomcat.jdbc.pool.ConnectionPool.createConnection(ConnectionPool.java:699) [tomcat-jdbc-8.0.18.jar:na]
! at org.apache.tomcat.jdbc.pool.ConnectionPool.borrowConnection(ConnectionPool.java:633) [tomcat-jdbc-8.0.18.jar:na]
! at org.apache.tomcat.jdbc.pool.ConnectionPool.init(ConnectionPool.java:484) [tomcat-jdbc-8.0.18.jar:na]
! at org.apache.tomcat.jdbc.pool.ConnectionPool.<init>(ConnectionPool.java:142) [tomcat-jdbc-8.0.18.jar:na]
! at org.apache.tomcat.jdbc.pool.DataSourceProxy.pCreatePool(DataSourceProxy.java:115) [tomcat-jdbc-8.0.18.jar:na]
! at org.apache.tomcat.jdbc.pool.DataSourceProxy.createPool(DataSourceProxy.java:102) [tomcat-jdbc-8.0.18.jar:na]
! at org.apache.tomcat.jdbc.pool.DataSourceProxy.getConnection(DataSourceProxy.java:126) [tomcat-jdbc-8.0.18.jar:na]
! at org.skife.jdbi.v2.DataSourceConnectionFactory.openConnection(DataSourceConnectionFactory.java:36) [jdbi-2.62.jar:2.62]
! at org.skife.jdbi.v2.DBI.open(DBI.java:210) [jdbi-2.62.jar:2.62]
! at org.skife.jdbi.v2.sqlobject.OnDemandHandleDing.getHandle(OnDemandHandleDing.java:38) [jdbi-2.62.jar:2.62]
! at org.skife.jdbi.v2.sqlobject.OnDemandHandleDing.retain(OnDemandHandleDing.java:46) [jdbi-2.62.jar:2.62]
! at org.skife.jdbi.v2.sqlobject.SqlObject.invoke(SqlObject.java:174) [jdbi-2.62.jar:2.62]
! at org.skife.jdbi.v2.sqlobject.SqlObject$2.intercept(SqlObject.java:92) [jdbi-2.62.jar:2.62]
! at org.skife.jdbi.v2.sqlobject.CloseInternalDoNotUseThisClass$$EnhancerByCGLIB$$8935a9df.getProducts(<generated>) [jdbi-2.62.jar:2.62]
! at com.rit.enterprise.service.InventoryManagementResource.getProducts(InventoryManagementResource.java:85) [inventory-management-service-1.0-SNAPSHOT.jar:na]
! at sun.reflect.NativeMethodAccessorImpl.invoke0(Native Method) ~[na:1.8.0_91]
! at sun.reflect.NativeMethodAccessorImpl.invoke(NativeMethodAccessorImpl.java:62) ~[na:1.8.0_91]
! at sun.reflect.DelegatingMethodAccessorImpl.invoke(DelegatingMethodAccessorImpl.java:43) ~[na:1.8.0_91]
! at java.lang.reflect.Method.invoke(Method.java:498) ~[na:1.8.0_91]
! at org.glassfish.jersey.server.model.internal.ResourceMethodInvocationHandlerFactory$1.invoke(ResourceMethodInvocationHandlerFactory.java:81) [jersey-server-2.21.jar:na]
! at org.glassfish.jersey.server.model.internal.AbstractJavaResourceMethodDispatcher$1.run(AbstractJavaResourceMethodDispatcher.java:144) [jersey-server-2.21.jar:na]
! at org.glassfish.jersey.server.model.internal.AbstractJavaResourceMethodDispatcher.invoke(AbstractJavaResourceMethodDispatcher.java:161) [jersey-server-2.21.jar:na]
! at org.glassfish.jersey.server.model.internal.JavaResourceMethodDispatcherProvider$TypeOutInvoker.doDispatch(JavaResourceMethodDispatcherProvider.java:205) [jersey-server-2.21.jar:na]
! at org.glassfish.jersey.server.model.internal.AbstractJavaResourceMethodDispatcher.dispatch(AbstractJavaResourceMethodDispatcher.java:99) [jersey-server-2.21.jar:na]
! at org.glassfish.jersey.server.model.ResourceMethodInvoker.invoke(ResourceMethodInvoker.java:389) [jersey-server-2.21.jar:na]
! at org.glassfish.jersey.server.model.ResourceMethodInvoker.apply(ResourceMethodInvoker.java:347) [jersey-server-2.21.jar:na]
! at org.glassfish.jersey.server.model.ResourceMethodInvoker.apply(ResourceMethodInvoker.java:102) [jersey-server-2.21.jar:na]
! at org.glassfish.jersey.server.ServerRuntime$2.run(ServerRuntime.java:309) [jersey-server-2.21.jar:na]
! at org.glassfish.jersey.internal.Errors$1.call(Errors.java:271) [jersey-common-2.21.jar:na]
! at org.glassfish.jersey.internal.Errors$1.call(Errors.java:267) [jersey-common-2.21.jar:na]
! at org.glassfish.jersey.internal.Errors.process(Errors.java:315) [jersey-common-2.21.jar:na]
! at org.glassfish.jersey.internal.Errors.process(Errors.java:297) [jersey-common-2.21.jar:na]
! at org.glassfish.jersey.internal.Errors.process(Errors.java:267) [jersey-common-2.21.jar:na]
! at org.glassfish.jersey.process.internal.RequestScope.runInScope(RequestScope.java:317) [jersey-common-2.21.jar:na]
! at org.glassfish.jersey.server.ServerRuntime.process(ServerRuntime.java:292) [jersey-server-2.21.jar:na]
! at org.glassfish.jersey.server.ApplicationHandler.handle(ApplicationHandler.java:1139) [jersey-server-2.21.jar:na]
! at org.glassfish.jersey.servlet.WebComponent.service(WebComponent.java:403) [jersey-container-servlet-core-2.19.jar:na]
! at org.glassfish.jersey.servlet.ServletContainer.service(ServletContainer.java:386) [jersey-container-servlet-core-2.19.jar:na]
! at org.glassfish.jersey.servlet.ServletContainer.service(ServletContainer.java:334) [jersey-container-servlet-core-2.19.jar:na]
! at org.glassfish.jersey.servlet.ServletContainer.service(ServletContainer.java:221) [jersey-container-servlet-core-2.19.jar:na]
! at io.dropwizard.jetty.NonblockingServletHolder.handle(NonblockingServletHolder.java:49) [dropwizard-jetty-0.8.2.jar:0.8.2]
! at org.eclipse.jetty.servlet.ServletHandler$CachedChain.doFilter(ServletHandler.java:1669) [jetty-servlet-9.2.9.v20150224.jar:9.2.9.v20150224]
! at org.eclipse.jetty.servlets.UserAgentFilter.doFilter(UserAgentFilter.java:83) [jetty-servlets-9.2.9.v20150224.jar:9.2.9.v20150224]
! at org.eclipse.jetty.servlets.GzipFilter.doFilter(GzipFilter.java:364) [jetty-servlets-9.2.9.v20150224.jar:9.2.9.v20150224]
! at io.dropwizard.jetty.BiDiGzipFilter.doFilter(BiDiGzipFilter.java:134) [dropwizard-jetty-0.8.2.jar:0.8.2]
! at org.eclipse.jetty.servlet.ServletHandler$CachedChain.doFilter(ServletHandler.java:1652) [jetty-servlet-9.2.9.v20150224.jar:9.2.9.v20150224]
! at io.dropwizard.servlets.ThreadNameFilter.doFilter(ThreadNameFilter.java:29) [dropwizard-servlets-0.8.2.jar:0.8.2]
! at org.eclipse.jetty.servlet.ServletHandler$CachedChain.doFilter(ServletHandler.java:1652) [jetty-servlet-9.2.9.v20150224.jar:9.2.9.v20150224]
! at io.dropwizard.jersey.filter.AllowedMethodsFilter.handle(AllowedMethodsFilter.java:44) [dropwizard-jersey-0.8.2.jar:0.8.2]
! at io.dropwizard.jersey.filter.AllowedMethodsFilter.doFilter(AllowedMethodsFilter.java:39) [dropwizard-jersey-0.8.2.jar:0.8.2]
! at org.eclipse.jetty.servlet.ServletHandler$CachedChain.doFilter(ServletHandler.java:1652) [jetty-servlet-9.2.9.v20150224.jar:9.2.9.v20150224]
! at com.google.inject.servlet.FilterChainInvocation.doFilter(FilterChainInvocation.java:89) [guice-servlet-4.0.jar:na]
! at com.google.inject.servlet.ManagedFilterPipeline.dispatch(ManagedFilterPipeline.java:119) [guice-servlet-4.0.jar:na]
! at com.google.inject.servlet.GuiceFilter$1.call(GuiceFilter.java:133) [guice-servlet-4.0.jar:na]
! at com.google.inject.servlet.GuiceFilter$1.call(GuiceFilter.java:130) [guice-servlet-4.0.jar:na]
! at com.google.inject.servlet.GuiceFilter$Context.call(GuiceFilter.java:203) [guice-servlet-4.0.jar:na]
! at com.google.inject.servlet.GuiceFilter.doFilter(GuiceFilter.java:130) [guice-servlet-4.0.jar:na]
! at org.eclipse.jetty.servlet.ServletHandler$CachedChain.doFilter(ServletHandler.java:1652) [jetty-servlet-9.2.9.v20150224.jar:9.2.9.v20150224]
! at org.eclipse.jetty.servlet.ServletHandler.doHandle(ServletHandler.java:585) [jetty-servlet-9.2.9.v20150224.jar:9.2.9.v20150224]
! at org.eclipse.jetty.server.handler.ContextHandler.doHandle(ContextHandler.java:1127) [jetty-server-9.2.9.v20150224.jar:9.2.9.v20150224]
! at org.eclipse.jetty.servlet.ServletHandler.doScope(ServletHandler.java:515) [jetty-servlet-9.2.9.v20150224.jar:9.2.9.v20150224]
! at org.eclipse.jetty.server.handler.ContextHandler.doScope(ContextHandler.java:1061) [jetty-server-9.2.9.v20150224.jar:9.2.9.v20150224]
! at org.eclipse.jetty.server.handler.ScopedHandler.handle(ScopedHandler.java:141) [jetty-server-9.2.9.v20150224.jar:9.2.9.v20150224]
! at org.eclipse.jetty.server.handler.HandlerWrapper.handle(HandlerWrapper.java:97) [jetty-server-9.2.9.v20150224.jar:9.2.9.v20150224]
! at com.codahale.metrics.jetty9.InstrumentedHandler.handle(InstrumentedHandler.java:240) [metrics-jetty9-3.1.1.jar:3.1.1]
! at io.dropwizard.jetty.RoutingHandler.handle(RoutingHandler.java:51) [dropwizard-jetty-0.8.2.jar:0.8.2]
! at org.eclipse.jetty.server.handler.HandlerWrapper.handle(HandlerWrapper.java:97) [jetty-server-9.2.9.v20150224.jar:9.2.9.v20150224]
! at org.eclipse.jetty.server.handler.RequestLogHandler.handle(RequestLogHandler.java:95) [jetty-server-9.2.9.v20150224.jar:9.2.9.v20150224]
! at org.eclipse.jetty.server.handler.HandlerWrapper.handle(HandlerWrapper.java:97) [jetty-server-9.2.9.v20150224.jar:9.2.9.v20150224]
! at org.eclipse.jetty.server.handler.StatisticsHandler.handle(StatisticsHandler.java:159) [jetty-server-9.2.9.v20150224.jar:9.2.9.v20150224]
! at org.eclipse.jetty.server.handler.HandlerWrapper.handle(HandlerWrapper.java:97) [jetty-server-9.2.9.v20150224.jar:9.2.9.v20150224]
! at org.eclipse.jetty.server.Server.handle(Server.java:497) [jetty-server-9.2.9.v20150224.jar:9.2.9.v20150224]
! at org.eclipse.jetty.server.HttpChannel.handle(HttpChannel.java:310) [jetty-server-9.2.9.v20150224.jar:9.2.9.v20150224]
! at org.eclipse.jetty.server.HttpConnection.onFillable(HttpConnection.java:257) [jetty-server-9.2.9.v20150224.jar:9.2.9.v20150224]
! at org.eclipse.jetty.io.AbstractConnection$2.run(AbstractConnection.java:540) [jetty-io-9.2.9.v20150224.jar:9.2.9.v20150224]
! at org.eclipse.jetty.util.thread.QueuedThreadPool.runJob(QueuedThreadPool.java:635) [jetty-util-9.2.9.v20150224.jar:9.2.9.v20150224]
! at org.eclipse.jetty.util.thread.QueuedThreadPool$3.run(QueuedThreadPool.java:555) [jetty-util-9.2.9.v20150224.jar:9.2.9.v20150224]
! at java.lang.Thread.run(Thread.java:745) [na:1.8.0_91]
ERROR [2016-05-10 05:25:53,477] io.dropwizard.jersey.errors.LoggingExceptionMapper: Error handling a request: bb82808ab9c8f927
! org.postgresql.util.PSQLException: FATAL: remaining connection slots are reserved for non-replication superuser connections
! at org.postgresql.core.v3.ConnectionFactoryImpl.readStartupMessages(ConnectionFactoryImpl.java:712) ~[postgresql-9.4.1208.jar:9.4.1208]
! at org.postgresql.core.v3.ConnectionFactoryImpl.openConnectionImpl(ConnectionFactoryImpl.java:213) ~[postgresql-9.4.1208.jar:9.4.1208]
! at org.postgresql.core.ConnectionFactory.openConnection(ConnectionFactory.java:67) ~[postgresql-9.4.1208.jar:9.4.1208]
! at org.postgresql.jdbc.PgConnection.<init>(PgConnection.java:216) ~[postgresql-9.4.1208.jar:9.4.1208]
! at org.postgresql.Driver.makeConnection(Driver.java:406) ~[postgresql-9.4.1208.jar:9.4.1208]
! at org.postgresql.Driver.connect(Driver.java:274) ~[postgresql-9.4.1208.jar:9.4.1208]
! at org.apache.tomcat.jdbc.pool.PooledConnection.connectUsingDriver(PooledConnection.java:307) ~[tomcat-jdbc-8.0.18.jar:na]
! at org.apache.tomcat.jdbc.pool.PooledConnection.connect(PooledConnection.java:200) ~[tomcat-jdbc-8.0.18.jar:na]
! at org.apache.tomcat.jdbc.pool.ConnectionPool.createConnection(ConnectionPool.java:699) ~[tomcat-jdbc-8.0.18.jar:na]
! at org.apache.tomcat.jdbc.pool.ConnectionPool.borrowConnection(ConnectionPool.java:633) ~[tomcat-jdbc-8.0.18.jar:na]
! at org.apache.tomcat.jdbc.pool.ConnectionPool.init(ConnectionPool.java:484) ~[tomcat-jdbc-8.0.18.jar:na]
! at org.apache.tomcat.jdbc.pool.ConnectionPool.<init>(ConnectionPool.java:142) ~[tomcat-jdbc-8.0.18.jar:na]
! at org.apache.tomcat.jdbc.pool.DataSourceProxy.pCreatePool(DataSourceProxy.java:115) ~[tomcat-jdbc-8.0.18.jar:na]
! at org.apache.tomcat.jdbc.pool.DataSourceProxy.createPool(DataSourceProxy.java:102) ~[tomcat-jdbc-8.0.18.jar:na]
! at org.apache.tomcat.jdbc.pool.DataSourceProxy.getConnection(DataSourceProxy.java:126) ~[tomcat-jdbc-8.0.18.jar:na]
! at org.skife.jdbi.v2.DataSourceConnectionFactory.openConnection(DataSourceConnectionFactory.java:36) ~[jdbi-2.62.jar:2.62]
! at org.skife.jdbi.v2.DBI.open(DBI.java:210) ~[jdbi-2.62.jar:2.62]
! ... 69 common frames omitted
! Causing: org.skife.jdbi.v2.exceptions.UnableToObtainConnectionException: org.postgresql.util.PSQLException: FATAL: remaining connection slots are reserved for non-replication superuser connections
! at org.skife.jdbi.v2.DBI.open(DBI.java:228) ~[jdbi-2.62.jar:2.62]
! at org.skife.jdbi.v2.sqlobject.OnDemandHandleDing.getHandle(OnDemandHandleDing.java:38) ~[jdbi-2.62.jar:2.62]
! at org.skife.jdbi.v2.sqlobject.OnDemandHandleDing.retain(OnDemandHandleDing.java:46) ~[jdbi-2.62.jar:2.62]
! at org.skife.jdbi.v2.sqlobject.SqlObject.invoke(SqlObject.java:174) ~[jdbi-2.62.jar:2.62]
! at org.skife.jdbi.v2.sqlobject.SqlObject$2.intercept(SqlObject.java:92) ~[jdbi-2.62.jar:2.62]
! at org.skife.jdbi.v2.sqlobject.CloseInternalDoNotUseThisClass$$EnhancerByCGLIB$$8935a9df.getProducts(<generated>) ~[jdbi-2.62.jar:2.62]
! at com.rit.enterprise.service.InventoryManagementResource.getProducts(InventoryManagementResource.java:85) ~[inventory-management-service-1.0-SNAPSHOT.jar:na]
! at sun.reflect.NativeMethodAccessorImpl.invoke0(Native Method) ~[na:1.8.0_91]
! at sun.reflect.NativeMethodAccessorImpl.invoke(NativeMethodAccessorImpl.java:62) ~[na:1.8.0_91]
! at sun.reflect.DelegatingMethodAccessorImpl.invoke(DelegatingMethodAccessorImpl.java:43) ~[na:1.8.0_91]
! at java.lang.reflect.Method.invoke(Method.java:498) ~[na:1.8.0_91]
! at org.glassfish.jersey.server.model.internal.ResourceMethodInvocationHandlerFactory$1.invoke(ResourceMethodInvocationHandlerFactory.java:81) ~[jersey-server-2.21.jar:na]
! at org.glassfish.jersey.server.model.internal.AbstractJavaResourceMethodDispatcher$1.run(AbstractJavaResourceMethodDispatcher.java:144) ~[jersey-server-2.21.jar:na]
! at org.glassfish.jersey.server.model.internal.AbstractJavaResourceMethodDispatcher.invoke(AbstractJavaResourceMethodDispatcher.java:161) ~[jersey-server-2.21.jar:na]
! at org.glassfish.jersey.server.model.internal.JavaResourceMethodDispatcherProvider$TypeOutInvoker.doDispatch(JavaResourceMethodDispatcherProvider.java:205) ~[jersey-server-2.21.jar:na]
! at org.glassfish.jersey.server.model.internal.AbstractJavaResourceMethodDispatcher.dispatch(AbstractJavaResourceMethodDispatcher.java:99) ~[jersey-server-2.21.jar:na]
! at org.glassfish.jersey.server.model.ResourceMethodInvoker.invoke(ResourceMethodInvoker.java:389) ~[jersey-server-2.21.jar:na]
! at org.glassfish.jersey.server.model.ResourceMethodInvoker.apply(ResourceMethodInvoker.java:347) ~[jersey-server-2.21.jar:na]
! at org.glassfish.jersey.server.model.ResourceMethodInvoker.apply(ResourceMethodInvoker.java:102) ~[jersey-server-2.21.jar:na]
! at org.glassfish.jersey.server.ServerRuntime$2.run(ServerRuntime.java:309) ~[jersey-server-2.21.jar:na]
! at org.glassfish.jersey.internal.Errors$1.call(Errors.java:271) [jersey-common-2.21.jar:na]
! at org.glassfish.jersey.internal.Errors$1.call(Errors.java:267) [jersey-common-2.21.jar:na]
! at org.glassfish.jersey.internal.Errors.process(Errors.java:315) [jersey-common-2.21.jar:na]
! at org.glassfish.jersey.internal.Errors.process(Errors.java:297) [jersey-common-2.21.jar:na]
! at org.glassfish.jersey.internal.Errors.process(Errors.java:267) [jersey-common-2.21.jar:na]
! at org.glassfish.jersey.process.internal.RequestScope.runInScope(RequestScope.java:317) [jersey-common-2.21.jar:na]
! at org.glassfish.jersey.server.ServerRuntime.process(ServerRuntime.java:292) [jersey-server-2.21.jar:na]
! at org.glassfish.jersey.server.ApplicationHandler.handle(ApplicationHandler.java:1139) [jersey-server-2.21.jar:na]
! at org.glassfish.jersey.servlet.WebComponent.service(WebComponent.java:403) [jersey-container-servlet-core-2.19.jar:na]
! at org.glassfish.jersey.servlet.ServletContainer.service(ServletContainer.java:386) [jersey-container-servlet-core-2.19.jar:na]
! at org.glassfish.jersey.servlet.ServletContainer.service(ServletContainer.java:334) [jersey-container-servlet-core-2.19.jar:na]
! at org.glassfish.jersey.servlet.ServletContainer.service(ServletContainer.java:221) [jersey-container-servlet-core-2.19.jar:na]
! at io.dropwizard.jetty.NonblockingServletHolder.handle(NonblockingServletHolder.java:49) [dropwizard-jetty-0.8.2.jar:0.8.2]
! at org.eclipse.jetty.servlet.ServletHandler$CachedChain.doFilter(ServletHandler.java:1669) [jetty-servlet-9.2.9.v20150224.jar:9.2.9.v20150224]
! at org.eclipse.jetty.servlets.UserAgentFilter.doFilter(UserAgentFilter.java:83) [jetty-servlets-9.2.9.v20150224.jar:9.2.9.v20150224]
! at org.eclipse.jetty.servlets.GzipFilter.doFilter(GzipFilter.java:364) [jetty-servlets-9.2.9.v20150224.jar:9.2.9.v20150224]
! at io.dropwizard.jetty.BiDiGzipFilter.doFilter(BiDiGzipFilter.java:134) [dropwizard-jetty-0.8.2.jar:0.8.2]
! at org.eclipse.jetty.servlet.ServletHandler$CachedChain.doFilter(ServletHandler.java:1652) [jetty-servlet-9.2.9.v20150224.jar:9.2.9.v20150224]
! at io.dropwizard.servlets.ThreadNameFilter.doFilter(ThreadNameFilter.java:29) [dropwizard-servlets-0.8.2.jar:0.8.2]
! at org.eclipse.jetty.servlet.ServletHandler$CachedChain.doFilter(ServletHandler.java:1652) [jetty-servlet-9.2.9.v20150224.jar:9.2.9.v20150224]
! at io.dropwizard.jersey.filter.AllowedMethodsFilter.handle(AllowedMethodsFilter.java:44) [dropwizard-jersey-0.8.2.jar:0.8.2]
! at io.dropwizard.jersey.filter.AllowedMethodsFilter.doFilter(AllowedMethodsFilter.java:39) [dropwizard-jersey-0.8.2.jar:0.8.2]
! at org.eclipse.jetty.servlet.ServletHandler$CachedChain.doFilter(ServletHandler.java:1652) [jetty-servlet-9.2.9.v20150224.jar:9.2.9.v20150224]
! at com.google.inject.servlet.FilterChainInvocation.doFilter(FilterChainInvocation.java:89) [guice-servlet-4.0.jar:na]
! at com.google.inject.servlet.ManagedFilterPipeline.dispatch(ManagedFilterPipeline.java:119) [guice-servlet-4.0.jar:na]
! at com.google.inject.servlet.GuiceFilter$1.call(GuiceFilter.java:133) [guice-servlet-4.0.jar:na]
! at com.google.inject.servlet.GuiceFilter$1.call(GuiceFilter.java:130) [guice-servlet-4.0.jar:na]
! at com.google.inject.servlet.GuiceFilter$Context.call(GuiceFilter.java:203) [guice-servlet-4.0.jar:na]
! at com.google.inject.servlet.GuiceFilter.doFilter(GuiceFilter.java:130) [guice-servlet-4.0.jar:na]
! at org.eclipse.jetty.servlet.ServletHandler$CachedChain.doFilter(ServletHandler.java:1652) [jetty-servlet-9.2.9.v20150224.jar:9.2.9.v20150224]
! at org.eclipse.jetty.servlet.ServletHandler.doHandle(ServletHandler.java:585) [jetty-servlet-9.2.9.v20150224.jar:9.2.9.v20150224]
! at org.eclipse.jetty.server.handler.ContextHandler.doHandle(ContextHandler.java:1127) [jetty-server-9.2.9.v20150224.jar:9.2.9.v20150224]
! at org.eclipse.jetty.servlet.ServletHandler.doScope(ServletHandler.java:515) [jetty-servlet-9.2.9.v20150224.jar:9.2.9.v20150224]
! at org.eclipse.jetty.server.handler.ContextHandler.doScope(ContextHandler.java:1061) [jetty-server-9.2.9.v20150224.jar:9.2.9.v20150224]
! at org.eclipse.jetty.server.handler.ScopedHandler.handle(ScopedHandler.java:141) [jetty-server-9.2.9.v20150224.jar:9.2.9.v20150224]
! at org.eclipse.jetty.server.handler.HandlerWrapper.handle(HandlerWrapper.java:97) [jetty-server-9.2.9.v20150224.jar:9.2.9.v20150224]
! at com.codahale.metrics.jetty9.InstrumentedHandler.handle(InstrumentedHandler.java:240) [metrics-jetty9-3.1.1.jar:3.1.1]
! at io.dropwizard.jetty.RoutingHandler.handle(RoutingHandler.java:51) [dropwizard-jetty-0.8.2.jar:0.8.2]
! at org.eclipse.jetty.server.handler.HandlerWrapper.handle(HandlerWrapper.java:97) [jetty-server-9.2.9.v20150224.jar:9.2.9.v20150224]
! at org.eclipse.jetty.server.handler.RequestLogHandler.handle(RequestLogHandler.java:95) [jetty-server-9.2.9.v20150224.jar:9.2.9.v20150224]
! at org.eclipse.jetty.server.handler.HandlerWrapper.handle(HandlerWrapper.java:97) [jetty-server-9.2.9.v20150224.jar:9.2.9.v20150224]
! at org.eclipse.jetty.server.handler.StatisticsHandler.handle(StatisticsHandler.java:159) [jetty-server-9.2.9.v20150224.jar:9.2.9.v20150224]
! at org.eclipse.jetty.server.handler.HandlerWrapper.handle(HandlerWrapper.java:97) [jetty-server-9.2.9.v20150224.jar:9.2.9.v20150224]
! at org.eclipse.jetty.server.Server.handle(Server.java:497) [jetty-server-9.2.9.v20150224.jar:9.2.9.v20150224]
! at org.eclipse.jetty.server.HttpChannel.handle(HttpChannel.java:310) [jetty-server-9.2.9.v20150224.jar:9.2.9.v20150224]
! at org.eclipse.jetty.server.HttpConnection.onFillable(HttpConnection.java:257) [jetty-server-9.2.9.v20150224.jar:9.2.9.v20150224]
! at org.eclipse.jetty.io.AbstractConnection$2.run(AbstractConnection.java:540) [jetty-io-9.2.9.v20150224.jar:9.2.9.v20150224]
! at org.eclipse.jetty.util.thread.QueuedThreadPool.runJob(QueuedThreadPool.java:635) [jetty-util-9.2.9.v20150224.jar:9.2.9.v20150224]
! at org.eclipse.jetty.util.thread.QueuedThreadPool$3.run(QueuedThreadPool.java:555) [jetty-util-9.2.9.v20150224.jar:9.2.9.v20150224]
! at java.lang.Thread.run(Thread.java:745) [na:1.8.0_91]
104.153.28.188 - - [10/May/2016:05:25:53 +0000] "GET /inventory/products HTTP/1.1" 500 110 "http://localhost:8080/projects/inventory-management/index.html" "Mozilla/5.0 (Windows NT 6.1; WOW64) AppleWebKit/537.36 (KHTML, like Gecko) Chrome/50.0.2661.94 Safari/537.36" 177
129.21.84.46 - - [10/May/2016:05:25:58 +0000] "GET / HTTP/1.1" 404 284 "http://vm343a.se.rit.edu/" "Mozilla/5.0 (X11; Fedora; Linux x86_64; rv:46.0) Gecko/20100101 Firefox/46.0" 4
129.21.84.46 - - [10/May/2016:05:27:27 +0000] "GET / HTTP/1.1" 404 284 "http://vm343a.se.rit.edu/" "Mozilla/5.0 (X11; Fedora; Linux x86_64; rv:46.0) Gecko/20100101 Firefox/46.0" 2
129.21.84.46 - - [10/May/2016:05:30:41 +0000] "GET / HTTP/1.1" 404 284 "http://vm343a.se.rit.edu/" "Mozilla/5.0 (X11; Fedora; Linux x86_64; rv:46.0) Gecko/20100101 Firefox/46.0" 2
ERROR [2016-05-10 05:31:43,252] org.apache.tomcat.jdbc.pool.ConnectionPool: Unable to create initial connections of pool.
! org.postgresql.util.PSQLException: FATAL: remaining connection slots are reserved for non-replication superuser connections
! at org.postgresql.core.v3.ConnectionFactoryImpl.readStartupMessages(ConnectionFactoryImpl.java:712) ~[postgresql-9.4.1208.jar:9.4.1208]
! at org.postgresql.core.v3.ConnectionFactoryImpl.openConnectionImpl(ConnectionFactoryImpl.java:213) ~[postgresql-9.4.1208.jar:9.4.1208]
! at org.postgresql.core.ConnectionFactory.openConnection(ConnectionFactory.java:67) ~[postgresql-9.4.1208.jar:9.4.1208]
! at org.postgresql.jdbc.PgConnection.<init>(PgConnection.java:216) ~[postgresql-9.4.1208.jar:9.4.1208]
! at org.postgresql.Driver.makeConnection(Driver.java:406) ~[postgresql-9.4.1208.jar:9.4.1208]
! at org.postgresql.Driver.connect(Driver.java:274) ~[postgresql-9.4.1208.jar:9.4.1208]
! at org.apache.tomcat.jdbc.pool.PooledConnection.connectUsingDriver(PooledConnection.java:307) ~[tomcat-jdbc-8.0.18.jar:na]
! at org.apache.tomcat.jdbc.pool.PooledConnection.connect(PooledConnection.java:200) ~[tomcat-jdbc-8.0.18.jar:na]
! at org.apache.tomcat.jdbc.pool.ConnectionPool.createConnection(ConnectionPool.java:699) [tomcat-jdbc-8.0.18.jar:na]
! at org.apache.tomcat.jdbc.pool.ConnectionPool.borrowConnection(ConnectionPool.java:633) [tomcat-jdbc-8.0.18.jar:na]
! at org.apache.tomcat.jdbc.pool.ConnectionPool.init(ConnectionPool.java:484) [tomcat-jdbc-8.0.18.jar:na]
! at org.apache.tomcat.jdbc.pool.ConnectionPool.<init>(ConnectionPool.java:142) [tomcat-jdbc-8.0.18.jar:na]
! at org.apache.tomcat.jdbc.pool.DataSourceProxy.pCreatePool(DataSourceProxy.java:115) [tomcat-jdbc-8.0.18.jar:na]
! at org.apache.tomcat.jdbc.pool.DataSourceProxy.createPool(DataSourceProxy.java:102) [tomcat-jdbc-8.0.18.jar:na]
! at org.apache.tomcat.jdbc.pool.DataSourceProxy.getConnection(DataSourceProxy.java:126) [tomcat-jdbc-8.0.18.jar:na]
! at org.skife.jdbi.v2.DataSourceConnectionFactory.openConnection(DataSourceConnectionFactory.java:36) [jdbi-2.62.jar:2.62]
! at org.skife.jdbi.v2.DBI.open(DBI.java:210) [jdbi-2.62.jar:2.62]
! at org.skife.jdbi.v2.sqlobject.OnDemandHandleDing.getHandle(OnDemandHandleDing.java:38) [jdbi-2.62.jar:2.62]
! at org.skife.jdbi.v2.sqlobject.OnDemandHandleDing.retain(OnDemandHandleDing.java:46) [jdbi-2.62.jar:2.62]
! at org.skife.jdbi.v2.sqlobject.SqlObject.invoke(SqlObject.java:174) [jdbi-2.62.jar:2.62]
! at org.skife.jdbi.v2.sqlobject.SqlObject$2.intercept(SqlObject.java:92) [jdbi-2.62.jar:2.62]
! at org.skife.jdbi.v2.sqlobject.CloseInternalDoNotUseThisClass$$EnhancerByCGLIB$$8935a9df.getProducts(<generated>) [jdbi-2.62.jar:2.62]
! at com.rit.enterprise.service.InventoryManagementResource.getProducts(InventoryManagementResource.java:85) [inventory-management-service-1.0-SNAPSHOT.jar:na]
! at sun.reflect.NativeMethodAccessorImpl.invoke0(Native Method) ~[na:1.8.0_91]
! at sun.reflect.NativeMethodAccessorImpl.invoke(NativeMethodAccessorImpl.java:62) ~[na:1.8.0_91]
! at sun.reflect.DelegatingMethodAccessorImpl.invoke(DelegatingMethodAccessorImpl.java:43) ~[na:1.8.0_91]
! at java.lang.reflect.Method.invoke(Method.java:498) ~[na:1.8.0_91]
! at org.glassfish.jersey.server.model.internal.ResourceMethodInvocationHandlerFactory$1.invoke(ResourceMethodInvocationHandlerFactory.java:81) [jersey-server-2.21.jar:na]
! at org.glassfish.jersey.server.model.internal.AbstractJavaResourceMethodDispatcher$1.run(AbstractJavaResourceMethodDispatcher.java:144) [jersey-server-2.21.jar:na]
! at org.glassfish.jersey.server.model.internal.AbstractJavaResourceMethodDispatcher.invoke(AbstractJavaResourceMethodDispatcher.java:161) [jersey-server-2.21.jar:na]
! at org.glassfish.jersey.server.model.internal.JavaResourceMethodDispatcherProvider$TypeOutInvoker.doDispatch(JavaResourceMethodDispatcherProvider.java:205) [jersey-server-2.21.jar:na]
! at org.glassfish.jersey.server.model.internal.AbstractJavaResourceMethodDispatcher.dispatch(AbstractJavaResourceMethodDispatcher.java:99) [jersey-server-2.21.jar:na]
! at org.glassfish.jersey.server.model.ResourceMethodInvoker.invoke(ResourceMethodInvoker.java:389) [jersey-server-2.21.jar:na]
! at org.glassfish.jersey.server.model.ResourceMethodInvoker.apply(ResourceMethodInvoker.java:347) [jersey-server-2.21.jar:na]
! at org.glassfish.jersey.server.model.ResourceMethodInvoker.apply(ResourceMethodInvoker.java:102) [jersey-server-2.21.jar:na]
! at org.glassfish.jersey.server.ServerRuntime$2.run(ServerRuntime.java:309) [jersey-server-2.21.jar:na]
! at org.glassfish.jersey.internal.Errors$1.call(Errors.java:271) [jersey-common-2.21.jar:na]
! at org.glassfish.jersey.internal.Errors$1.call(Errors.java:267) [jersey-common-2.21.jar:na]
! at org.glassfish.jersey.internal.Errors.process(Errors.java:315) [jersey-common-2.21.jar:na]
! at org.glassfish.jersey.internal.Errors.process(Errors.java:297) [jersey-common-2.21.jar:na]
! at org.glassfish.jersey.internal.Errors.process(Errors.java:267) [jersey-common-2.21.jar:na]
! at org.glassfish.jersey.process.internal.RequestScope.runInScope(RequestScope.java:317) [jersey-common-2.21.jar:na]
! at org.glassfish.jersey.server.ServerRuntime.process(ServerRuntime.java:292) [jersey-server-2.21.jar:na]
! at org.glassfish.jersey.server.ApplicationHandler.handle(ApplicationHandler.java:1139) [jersey-server-2.21.jar:na]
! at org.glassfish.jersey.servlet.WebComponent.service(WebComponent.java:403) [jersey-container-servlet-core-2.19.jar:na]
! at org.glassfish.jersey.servlet.ServletContainer.service(ServletContainer.java:386) [jersey-container-servlet-core-2.19.jar:na]
! at org.glassfish.jersey.servlet.ServletContainer.service(ServletContainer.java:334) [jersey-container-servlet-core-2.19.jar:na]
! at org.glassfish.jersey.servlet.ServletContainer.service(ServletContainer.java:221) [jersey-container-servlet-core-2.19.jar:na]
! at io.dropwizard.jetty.NonblockingServletHolder.handle(NonblockingServletHolder.java:49) [dropwizard-jetty-0.8.2.jar:0.8.2]
! at org.eclipse.jetty.servlet.ServletHandler$CachedChain.doFilter(ServletHandler.java:1669) [jetty-servlet-9.2.9.v20150224.jar:9.2.9.v20150224]
! at org.eclipse.jetty.servlets.UserAgentFilter.doFilter(UserAgentFilter.java:83) [jetty-servlets-9.2.9.v20150224.jar:9.2.9.v20150224]
! at org.eclipse.jetty.servlets.GzipFilter.doFilter(GzipFilter.java:364) [jetty-servlets-9.2.9.v20150224.jar:9.2.9.v20150224]
! at io.dropwizard.jetty.BiDiGzipFilter.doFilter(BiDiGzipFilter.java:134) [dropwizard-jetty-0.8.2.jar:0.8.2]
! at org.eclipse.jetty.servlet.ServletHandler$CachedChain.doFilter(ServletHandler.java:1652) [jetty-servlet-9.2.9.v20150224.jar:9.2.9.v20150224]
! at io.dropwizard.servlets.ThreadNameFilter.doFilter(ThreadNameFilter.java:29) [dropwizard-servlets-0.8.2.jar:0.8.2]
! at org.eclipse.jetty.servlet.ServletHandler$CachedChain.doFilter(ServletHandler.java:1652) [jetty-servlet-9.2.9.v20150224.jar:9.2.9.v20150224]
! at io.dropwizard.jersey.filter.AllowedMethodsFilter.handle(AllowedMethodsFilter.java:44) [dropwizard-jersey-0.8.2.jar:0.8.2]
! at io.dropwizard.jersey.filter.AllowedMethodsFilter.doFilter(AllowedMethodsFilter.java:39) [dropwizard-jersey-0.8.2.jar:0.8.2]
! at org.eclipse.jetty.servlet.ServletHandler$CachedChain.doFilter(ServletHandler.java:1652) [jetty-servlet-9.2.9.v20150224.jar:9.2.9.v20150224]
! at com.google.inject.servlet.FilterChainInvocation.doFilter(FilterChainInvocation.java:89) [guice-servlet-4.0.jar:na]
! at com.google.inject.servlet.ManagedFilterPipeline.dispatch(ManagedFilterPipeline.java:119) [guice-servlet-4.0.jar:na]
! at com.google.inject.servlet.GuiceFilter$1.call(GuiceFilter.java:133) [guice-servlet-4.0.jar:na]
! at com.google.inject.servlet.GuiceFilter$1.call(GuiceFilter.java:130) [guice-servlet-4.0.jar:na]
! at com.google.inject.servlet.GuiceFilter$Context.call(GuiceFilter.java:203) [guice-servlet-4.0.jar:na]
! at com.google.inject.servlet.GuiceFilter.doFilter(GuiceFilter.java:130) [guice-servlet-4.0.jar:na]
! at org.eclipse.jetty.servlet.ServletHandler$CachedChain.doFilter(ServletHandler.java:1652) [jetty-servlet-9.2.9.v20150224.jar:9.2.9.v20150224]
! at org.eclipse.jetty.servlet.ServletHandler.doHandle(ServletHandler.java:585) [jetty-servlet-9.2.9.v20150224.jar:9.2.9.v20150224]
! at org.eclipse.jetty.server.handler.ContextHandler.doHandle(ContextHandler.java:1127) [jetty-server-9.2.9.v20150224.jar:9.2.9.v20150224]
! at org.eclipse.jetty.servlet.ServletHandler.doScope(ServletHandler.java:515) [jetty-servlet-9.2.9.v20150224.jar:9.2.9.v20150224]
! at org.eclipse.jetty.server.handler.ContextHandler.doScope(ContextHandler.java:1061) [jetty-server-9.2.9.v20150224.jar:9.2.9.v20150224]
! at org.eclipse.jetty.server.handler.ScopedHandler.handle(ScopedHandler.java:141) [jetty-server-9.2.9.v20150224.jar:9.2.9.v20150224]
! at org.eclipse.jetty.server.handler.HandlerWrapper.handle(HandlerWrapper.java:97) [jetty-server-9.2.9.v20150224.jar:9.2.9.v20150224]
! at com.codahale.metrics.jetty9.InstrumentedHandler.handle(InstrumentedHandler.java:240) [metrics-jetty9-3.1.1.jar:3.1.1]
! at io.dropwizard.jetty.RoutingHandler.handle(RoutingHandler.java:51) [dropwizard-jetty-0.8.2.jar:0.8.2]
! at org.eclipse.jetty.server.handler.HandlerWrapper.handle(HandlerWrapper.java:97) [jetty-server-9.2.9.v20150224.jar:9.2.9.v20150224]
! at org.eclipse.jetty.server.handler.RequestLogHandler.handle(RequestLogHandler.java:95) [jetty-server-9.2.9.v20150224.jar:9.2.9.v20150224]
! at org.eclipse.jetty.server.handler.HandlerWrapper.handle(HandlerWrapper.java:97) [jetty-server-9.2.9.v20150224.jar:9.2.9.v20150224]
! at org.eclipse.jetty.server.handler.StatisticsHandler.handle(StatisticsHandler.java:159) [jetty-server-9.2.9.v20150224.jar:9.2.9.v20150224]
! at org.eclipse.jetty.server.handler.HandlerWrapper.handle(HandlerWrapper.java:97) [jetty-server-9.2.9.v20150224.jar:9.2.9.v20150224]
! at org.eclipse.jetty.server.Server.handle(Server.java:497) [jetty-server-9.2.9.v20150224.jar:9.2.9.v20150224]
! at org.eclipse.jetty.server.HttpChannel.handle(HttpChannel.java:310) [jetty-server-9.2.9.v20150224.jar:9.2.9.v20150224]
! at org.eclipse.jetty.server.HttpConnection.onFillable(HttpConnection.java:257) [jetty-server-9.2.9.v20150224.jar:9.2.9.v20150224]
! at org.eclipse.jetty.io.AbstractConnection$2.run(AbstractConnection.java:540) [jetty-io-9.2.9.v20150224.jar:9.2.9.v20150224]
! at org.eclipse.jetty.util.thread.QueuedThreadPool.runJob(QueuedThreadPool.java:635) [jetty-util-9.2.9.v20150224.jar:9.2.9.v20150224]
! at org.eclipse.jetty.util.thread.QueuedThreadPool$3.run(QueuedThreadPool.java:555) [jetty-util-9.2.9.v20150224.jar:9.2.9.v20150224]
! at java.lang.Thread.run(Thread.java:745) [na:1.8.0_91]
ERROR [2016-05-10 05:31:43,285] io.dropwizard.jersey.errors.LoggingExceptionMapper: Error handling a request: ecbd39824537d678
! org.postgresql.util.PSQLException: FATAL: remaining connection slots are reserved for non-replication superuser connections
! at org.postgresql.core.v3.ConnectionFactoryImpl.readStartupMessages(ConnectionFactoryImpl.java:712) ~[postgresql-9.4.1208.jar:9.4.1208]
! at org.postgresql.core.v3.ConnectionFactoryImpl.openConnectionImpl(ConnectionFactoryImpl.java:213) ~[postgresql-9.4.1208.jar:9.4.1208]
! at org.postgresql.core.ConnectionFactory.openConnection(ConnectionFactory.java:67) ~[postgresql-9.4.1208.jar:9.4.1208]
! at org.postgresql.jdbc.PgConnection.<init>(PgConnection.java:216) ~[postgresql-9.4.1208.jar:9.4.1208]
! at org.postgresql.Driver.makeConnection(Driver.java:406) ~[postgresql-9.4.1208.jar:9.4.1208]
! at org.postgresql.Driver.connect(Driver.java:274) ~[postgresql-9.4.1208.jar:9.4.1208]
! at org.apache.tomcat.jdbc.pool.PooledConnection.connectUsingDriver(PooledConnection.java:307) ~[tomcat-jdbc-8.0.18.jar:na]
! at org.apache.tomcat.jdbc.pool.PooledConnection.connect(PooledConnection.java:200) ~[tomcat-jdbc-8.0.18.jar:na]
! at org.apache.tomcat.jdbc.pool.ConnectionPool.createConnection(ConnectionPool.java:699) ~[tomcat-jdbc-8.0.18.jar:na]
! at org.apache.tomcat.jdbc.pool.ConnectionPool.borrowConnection(ConnectionPool.java:633) ~[tomcat-jdbc-8.0.18.jar:na]
! at org.apache.tomcat.jdbc.pool.ConnectionPool.init(ConnectionPool.java:484) ~[tomcat-jdbc-8.0.18.jar:na]
! at org.apache.tomcat.jdbc.pool.ConnectionPool.<init>(ConnectionPool.java:142) ~[tomcat-jdbc-8.0.18.jar:na]
! at org.apache.tomcat.jdbc.pool.DataSourceProxy.pCreatePool(DataSourceProxy.java:115) ~[tomcat-jdbc-8.0.18.jar:na]
! at org.apache.tomcat.jdbc.pool.DataSourceProxy.createPool(DataSourceProxy.java:102) ~[tomcat-jdbc-8.0.18.jar:na]
! at org.apache.tomcat.jdbc.pool.DataSourceProxy.getConnection(DataSourceProxy.java:126) ~[tomcat-jdbc-8.0.18.jar:na]
! at org.skife.jdbi.v2.DataSourceConnectionFactory.openConnection(DataSourceConnectionFactory.java:36) ~[jdbi-2.62.jar:2.62]
! at org.skife.jdbi.v2.DBI.open(DBI.java:210) ~[jdbi-2.62.jar:2.62]
! ... 69 common frames omitted
! Causing: org.skife.jdbi.v2.exceptions.UnableToObtainConnectionException: org.postgresql.util.PSQLException: FATAL: remaining connection slots are reserved for non-replication superuser connections
! at org.skife.jdbi.v2.DBI.open(DBI.java:228) ~[jdbi-2.62.jar:2.62]
! at org.skife.jdbi.v2.sqlobject.OnDemandHandleDing.getHandle(OnDemandHandleDing.java:38) ~[jdbi-2.62.jar:2.62]
! at org.skife.jdbi.v2.sqlobject.OnDemandHandleDing.retain(OnDemandHandleDing.java:46) ~[jdbi-2.62.jar:2.62]
! at org.skife.jdbi.v2.sqlobject.SqlObject.invoke(SqlObject.java:174) ~[jdbi-2.62.jar:2.62]
! at org.skife.jdbi.v2.sqlobject.SqlObject$2.intercept(SqlObject.java:92) ~[jdbi-2.62.jar:2.62]
! at org.skife.jdbi.v2.sqlobject.CloseInternalDoNotUseThisClass$$EnhancerByCGLIB$$8935a9df.getProducts(<generated>) ~[jdbi-2.62.jar:2.62]
! at com.rit.enterprise.service.InventoryManagementResource.getProducts(InventoryManagementResource.java:85) ~[inventory-management-service-1.0-SNAPSHOT.jar:na]
! at sun.reflect.NativeMethodAccessorImpl.invoke0(Native Method) ~[na:1.8.0_91]
! at sun.reflect.NativeMethodAccessorImpl.invoke(NativeMethodAccessorImpl.java:62) ~[na:1.8.0_91]
! at sun.reflect.DelegatingMethodAccessorImpl.invoke(DelegatingMethodAccessorImpl.java:43) ~[na:1.8.0_91]
! at java.lang.reflect.Method.invoke(Method.java:498) ~[na:1.8.0_91]
! at org.glassfish.jersey.server.model.internal.ResourceMethodInvocationHandlerFactory$1.invoke(ResourceMethodInvocationHandlerFactory.java:81) ~[jersey-server-2.21.jar:na]
! at org.glassfish.jersey.server.model.internal.AbstractJavaResourceMethodDispatcher$1.run(AbstractJavaResourceMethodDispatcher.java:144) ~[jersey-server-2.21.jar:na]
! at org.glassfish.jersey.server.model.internal.AbstractJavaResourceMethodDispatcher.invoke(AbstractJavaResourceMethodDispatcher.java:161) ~[jersey-server-2.21.jar:na]
! at org.glassfish.jersey.server.model.internal.JavaResourceMethodDispatcherProvider$TypeOutInvoker.doDispatch(JavaResourceMethodDispatcherProvider.java:205) ~[jersey-server-2.21.jar:na]
! at org.glassfish.jersey.server.model.internal.AbstractJavaResourceMethodDispatcher.dispatch(AbstractJavaResourceMethodDispatcher.java:99) ~[jersey-server-2.21.jar:na]
! at org.glassfish.jersey.server.model.ResourceMethodInvoker.invoke(ResourceMethodInvoker.java:389) ~[jersey-server-2.21.jar:na]
! at org.glassfish.jersey.server.model.ResourceMethodInvoker.apply(ResourceMethodInvoker.java:347) ~[jersey-server-2.21.jar:na]
! at org.glassfish.jersey.server.model.ResourceMethodInvoker.apply(ResourceMethodInvoker.java:102) ~[jersey-server-2.21.jar:na]
! at org.glassfish.jersey.server.ServerRuntime$2.run(ServerRuntime.java:309) ~[jersey-server-2.21.jar:na]
! at org.glassfish.jersey.internal.Errors$1.call(Errors.java:271) [jersey-common-2.21.jar:na]
! at org.glassfish.jersey.internal.Errors$1.call(Errors.java:267) [jersey-common-2.21.jar:na]
! at org.glassfish.jersey.internal.Errors.process(Errors.java:315) [jersey-common-2.21.jar:na]
! at org.glassfish.jersey.internal.Errors.process(Errors.java:297) [jersey-common-2.21.jar:na]
! at org.glassfish.jersey.internal.Errors.process(Errors.java:267) [jersey-common-2.21.jar:na]
! at org.glassfish.jersey.process.internal.RequestScope.runInScope(RequestScope.java:317) [jersey-common-2.21.jar:na]
! at org.glassfish.jersey.server.ServerRuntime.process(ServerRuntime.java:292) [jersey-server-2.21.jar:na]
! at org.glassfish.jersey.server.ApplicationHandler.handle(ApplicationHandler.java:1139) [jersey-server-2.21.jar:na]
! at org.glassfish.jersey.servlet.WebComponent.service(WebComponent.java:403) [jersey-container-servlet-core-2.19.jar:na]
! at org.glassfish.jersey.servlet.ServletContainer.service(ServletContainer.java:386) [jersey-container-servlet-core-2.19.jar:na]
! at org.glassfish.jersey.servlet.ServletContainer.service(ServletContainer.java:334) [jersey-container-servlet-core-2.19.jar:na]
! at org.glassfish.jersey.servlet.ServletContainer.service(ServletContainer.java:221) [jersey-container-servlet-core-2.19.jar:na]
! at io.dropwizard.jetty.NonblockingServletHolder.handle(NonblockingServletHolder.java:49) [dropwizard-jetty-0.8.2.jar:0.8.2]
! at org.eclipse.jetty.servlet.ServletHandler$CachedChain.doFilter(ServletHandler.java:1669) [jetty-servlet-9.2.9.v20150224.jar:9.2.9.v20150224]
! at org.eclipse.jetty.servlets.UserAgentFilter.doFilter(UserAgentFilter.java:83) [jetty-servlets-9.2.9.v20150224.jar:9.2.9.v20150224]
! at org.eclipse.jetty.servlets.GzipFilter.doFilter(GzipFilter.java:364) [jetty-servlets-9.2.9.v20150224.jar:9.2.9.v20150224]
! at io.dropwizard.jetty.BiDiGzipFilter.doFilter(BiDiGzipFilter.java:134) [dropwizard-jetty-0.8.2.jar:0.8.2]
! at org.eclipse.jetty.servlet.ServletHandler$CachedChain.doFilter(ServletHandler.java:1652) [jetty-servlet-9.2.9.v20150224.jar:9.2.9.v20150224]
! at io.dropwizard.servlets.ThreadNameFilter.doFilter(ThreadNameFilter.java:29) [dropwizard-servlets-0.8.2.jar:0.8.2]
! at org.eclipse.jetty.servlet.ServletHandler$CachedChain.doFilter(ServletHandler.java:1652) [jetty-servlet-9.2.9.v20150224.jar:9.2.9.v20150224]
! at io.dropwizard.jersey.filter.AllowedMethodsFilter.handle(AllowedMethodsFilter.java:44) [dropwizard-jersey-0.8.2.jar:0.8.2]
! at io.dropwizard.jersey.filter.AllowedMethodsFilter.doFilter(AllowedMethodsFilter.java:39) [dropwizard-jersey-0.8.2.jar:0.8.2]
! at org.eclipse.jetty.servlet.ServletHandler$CachedChain.doFilter(ServletHandler.java:1652) [jetty-servlet-9.2.9.v20150224.jar:9.2.9.v20150224]
! at com.google.inject.servlet.FilterChainInvocation.doFilter(FilterChainInvocation.java:89) [guice-servlet-4.0.jar:na]
! at com.google.inject.servlet.ManagedFilterPipeline.dispatch(ManagedFilterPipeline.java:119) [guice-servlet-4.0.jar:na]
! at com.google.inject.servlet.GuiceFilter$1.call(GuiceFilter.java:133) [guice-servlet-4.0.jar:na]
! at com.google.inject.servlet.GuiceFilter$1.call(GuiceFilter.java:130) [guice-servlet-4.0.jar:na]
! at com.google.inject.servlet.GuiceFilter$Context.call(GuiceFilter.java:203) [guice-servlet-4.0.jar:na]
! at com.google.inject.servlet.GuiceFilter.doFilter(GuiceFilter.java:130) [guice-servlet-4.0.jar:na]
! at org.eclipse.jetty.servlet.ServletHandler$CachedChain.doFilter(ServletHandler.java:1652) [jetty-servlet-9.2.9.v20150224.jar:9.2.9.v20150224]
! at org.eclipse.jetty.servlet.ServletHandler.doHandle(ServletHandler.java:585) [jetty-servlet-9.2.9.v20150224.jar:9.2.9.v20150224]
! at org.eclipse.jetty.server.handler.ContextHandler.doHandle(ContextHandler.java:1127) [jetty-server-9.2.9.v20150224.jar:9.2.9.v20150224]
! at org.eclipse.jetty.servlet.ServletHandler.doScope(ServletHandler.java:515) [jetty-servlet-9.2.9.v20150224.jar:9.2.9.v20150224]
! at org.eclipse.jetty.server.handler.ContextHandler.doScope(ContextHandler.java:1061) [jetty-server-9.2.9.v20150224.jar:9.2.9.v20150224]
! at org.eclipse.jetty.server.handler.ScopedHandler.handle(ScopedHandler.java:141) [jetty-server-9.2.9.v20150224.jar:9.2.9.v20150224]
! at org.eclipse.jetty.server.handler.HandlerWrapper.handle(HandlerWrapper.java:97) [jetty-server-9.2.9.v20150224.jar:9.2.9.v20150224]
! at com.codahale.metrics.jetty9.InstrumentedHandler.handle(InstrumentedHandler.java:240) [metrics-jetty9-3.1.1.jar:3.1.1]
! at io.dropwizard.jetty.RoutingHandler.handle(RoutingHandler.java:51) [dropwizard-jetty-0.8.2.jar:0.8.2]
! at org.eclipse.jetty.server.handler.HandlerWrapper.handle(HandlerWrapper.java:97) [jetty-server-9.2.9.v20150224.jar:9.2.9.v20150224]
! at org.eclipse.jetty.server.handler.RequestLogHandler.handle(RequestLogHandler.java:95) [jetty-server-9.2.9.v20150224.jar:9.2.9.v20150224]
! at org.eclipse.jetty.server.handler.HandlerWrapper.handle(HandlerWrapper.java:97) [jetty-server-9.2.9.v20150224.jar:9.2.9.v20150224]
! at org.eclipse.jetty.server.handler.StatisticsHandler.handle(StatisticsHandler.java:159) [jetty-server-9.2.9.v20150224.jar:9.2.9.v20150224]
! at org.eclipse.jetty.server.handler.HandlerWrapper.handle(HandlerWrapper.java:97) [jetty-server-9.2.9.v20150224.jar:9.2.9.v20150224]
! at org.eclipse.jetty.server.Server.handle(Server.java:497) [jetty-server-9.2.9.v20150224.jar:9.2.9.v20150224]
! at org.eclipse.jetty.server.HttpChannel.handle(HttpChannel.java:310) [jetty-server-9.2.9.v20150224.jar:9.2.9.v20150224]
! at org.eclipse.jetty.server.HttpConnection.onFillable(HttpConnection.java:257) [jetty-server-9.2.9.v20150224.jar:9.2.9.v20150224]
! at org.eclipse.jetty.io.AbstractConnection$2.run(AbstractConnection.java:540) [jetty-io-9.2.9.v20150224.jar:9.2.9.v20150224]
! at org.eclipse.jetty.util.thread.QueuedThreadPool.runJob(QueuedThreadPool.java:635) [jetty-util-9.2.9.v20150224.jar:9.2.9.v20150224]
! at org.eclipse.jetty.util.thread.QueuedThreadPool$3.run(QueuedThreadPool.java:555) [jetty-util-9.2.9.v20150224.jar:9.2.9.v20150224]
! at java.lang.Thread.run(Thread.java:745) [na:1.8.0_91]
104.153.28.188 - - [10/May/2016:05:31:43 +0000] "GET /inventory/products HTTP/1.1" 500 110 "http://localhost:8080/projects/inventory-management/index.html" "Mozilla/5.0 (Windows NT 6.1; WOW64) AppleWebKit/537.36 (KHTML, like Gecko) Chrome/50.0.2661.94 Safari/537.36" 89
